1656101374337902173 86523783
1656101374611105589 72860973
1656101374850068879 23689148
1656101375062399970 6975649
1656101375280383441 15991098
1656101375494859743 13547739
1656101375716064654 8943480
1656101375936780004 10161149
1656101376166961604 29575867
1656101376420691952 45397566
1656101376638149373 16865618
1656101376842280876 3852500
1656101377053875897 4712789
1656101377263672969 5334669
1656101377475543161 11535499
1656101377690930552 4505809
1656101377900361824 5758379
1656101378104795176 4106089
1656101379329834181 1024573952
1656101379541496652 7326969
1656101379753079244 7965920
1656101379963234655 4713239
1656101380170711347 4008769
1656101380376934880 4118670
1656101380584883932 4172890
1656101380813859542 3618700
1656101381023712244 4709320
1656101381233018075 4365880
1656101381441725897 7335439
1656101381660611048 7462919
1656101381877055620 9970290
1656101382111183119 28518337
1656101382319828771 3681060
1656101382529454203 7934029
1656101382739839015 4859280
1656101382950358666 3585589
1656101383158506288 7119599
1656101383367646050 8461169
1656101383581817042 10509910
1656101383786829304 4702769
1656101384014539044 4146520
1656101384226718666 5571800
1656101384449031677 7060180
1656101384661921049 10427389
1656101384868069801 5816460
1656101385076445782 5422969
1656101385280821475 4044330
1656101385516226075 35138997
1656101385722097577 5411170
1656101385934197089 6199420
1656101386147140940 10114599
1656101386354074082 5247530
1656101386561765714 4456300
1656101386766673876 4374589
1656101386982166627 15228518
1656101387187417460 4891450
1656101387392027152 4279390
1656101387600232904 4918330
1656101387804513596 3845779
1656101388008959189 3562760
1656101388216215070 5841339
1656101388433583072 14189139
1656101388658840972 8040439
1656101388884873813 24362198
1656101389133654761 29786657
1656101389371069500 34280026
1656101389587996771 8315799
1656101389798501670 8128430
1656101390019032702 4033260
1656101390230687086 6448989
1656101390439095308 7699260
1656101390651794109 8880119
1656101390950695924 40439577
1656101391165163305 7133639
1656101392615722249 1249619891
1656101392857066459 12224749
1656101393073088450 12394249
1656101393310391009 22529098
1656101393529103749 13672139
1656101393785046388 49438385
1656101394013655728 21596788
1656101394222542991 4782520
1656101394435454752 4195890
1656101394643255064 6391069
1656101394859761825 7034509
1656101395071577057 10280390
1656101395282448738 6744369
1656101395490649480 7856119
1656101395716831561 22045819
1656101395930371862 12822010
1656101396142603224 5014120
1656101396354862435 4275690
1656101396564005757 5560560
1656101396784618928 5568430
1656101396998107099 10625489
1656101397206724011 6347379
1656101397419013013 5216930
1656101398662290705 1037248780
1656101398883981336 15382549
1656101399129358744 5896609
1656101399353354595 16367159
1656101399574011656 13280229
1656101399780629868 6243160
1656101399985675759 4284470
1656101400189978422 3903890
1656101400394944435 4560430
1656101400599954107 4587120
1656101400818342347 16077419
1656101401038119949 16538238
1656101402389306842 1147841851
1656101402605102958 9720720
1656101402820363875 14769890
1656101403029181437 3733940
1656101403234035769 4176510
Process StressGenerator-7:
Process StressGenerator-15:
Process StressGenerator-13:
Traceback (most recent call last):
  File "/usr/local/lib/python3.7/site-packages/urllib3/connectionpool.py", line 710, in urlopen
    chunked=chunked,
  File "/usr/local/lib/python3.7/site-packages/urllib3/connectionpool.py", line 449, in _make_request
    six.raise_from(e, None)
  File "<string>", line 3, in raise_from
  File "/usr/local/lib/python3.7/site-packages/urllib3/connectionpool.py", line 444, in _make_request
    httplib_response = conn.getresponse()
  File "/usr/local/lib/python3.7/http/client.py", line 1321, in getresponse
    response.begin()
  File "/usr/local/lib/python3.7/http/client.py", line 296, in begin
    version, status, reason = self._read_status()
  File "/usr/local/lib/python3.7/http/client.py", line 257, in _read_status
    line = str(self.fp.readline(_MAXLINE + 1), "iso-8859-1")
  File "/usr/local/lib/python3.7/socket.py", line 589, in readinto
    return self._sock.recv_into(b)
ConnectionResetError: [Errno 104] Connection reset by peer

During handling of the above exception, another exception occurred:

Traceback (most recent call last):
  File "/usr/local/lib/python3.7/site-packages/requests/adapters.py", line 499, in send
    timeout=timeout,
  File "/usr/local/lib/python3.7/site-packages/urllib3/connectionpool.py", line 786, in urlopen
    method, url, error=e, _pool=self, _stacktrace=sys.exc_info()[2]
  File "/usr/local/lib/python3.7/site-packages/urllib3/util/retry.py", line 550, in increment
    raise six.reraise(type(error), error, _stacktrace)
  File "/usr/local/lib/python3.7/site-packages/urllib3/packages/six.py", line 769, in reraise
    raise value.with_traceback(tb)
  File "/usr/local/lib/python3.7/site-packages/urllib3/connectionpool.py", line 710, in urlopen
    chunked=chunked,
  File "/usr/local/lib/python3.7/site-packages/urllib3/connectionpool.py", line 449, in _make_request
    six.raise_from(e, None)
  File "<string>", line 3, in raise_from
  File "/usr/local/lib/python3.7/site-packages/urllib3/connectionpool.py", line 444, in _make_request
    httplib_response = conn.getresponse()
  File "/usr/local/lib/python3.7/http/client.py", line 1321, in getresponse
    response.begin()
  File "/usr/local/lib/python3.7/http/client.py", line 296, in begin
    version, status, reason = self._read_status()
  File "/usr/local/lib/python3.7/http/client.py", line 257, in _read_status
    line = str(self.fp.readline(_MAXLINE + 1), "iso-8859-1")
  File "/usr/local/lib/python3.7/socket.py", line 589, in readinto
    return self._sock.recv_into(b)
urllib3.exceptions.ProtocolError: ('Connection aborted.', ConnectionResetError(104, 'Connection reset by peer'))

During handling of the above exception, another exception occurred:

Traceback (most recent call last):
  File "/usr/local/lib/python3.7/multiprocessing/process.py", line 297, in _bootstrap
    self.run()
  File "app.py", line 43, in run
    self._write_work()
  File "app.py", line 54, in _write_work
    self.do_post_request.perform(encode_bytes_as_base64)
  File "/app/models/simple_http_log_client.py", line 11, in perform
    return self._simple_requests_scenario(body_json_content)
  File "/app/models/simple_http_log_client.py", line 16, in _simple_requests_scenario
    return self.session.post(f"{self.api_url}/insert", body_json_content)
  File "/usr/local/lib/python3.7/site-packages/requests/sessions.py", line 635, in post
    return self.request("POST", url, data=data, json=json, **kwargs)
  File "/usr/local/lib/python3.7/site-packages/requests/sessions.py", line 587, in request
    resp = self.send(prep, **send_kwargs)
  File "/usr/local/lib/python3.7/site-packages/requests/sessions.py", line 701, in send
    r = adapter.send(request, **kwargs)
  File "/usr/local/lib/python3.7/site-packages/requests/adapters.py", line 547, in send
    raise ConnectionError(err, request=request)
requests.exceptions.ConnectionError: ('Connection aborted.', ConnectionResetError(104, 'Connection reset by peer'))
Traceback (most recent call last):
Traceback (most recent call last):
  File "/usr/local/lib/python3.7/site-packages/urllib3/connectionpool.py", line 710, in urlopen
    chunked=chunked,
  File "/usr/local/lib/python3.7/site-packages/urllib3/connectionpool.py", line 449, in _make_request
    six.raise_from(e, None)
  File "<string>", line 3, in raise_from
  File "/usr/local/lib/python3.7/site-packages/urllib3/connectionpool.py", line 444, in _make_request
    httplib_response = conn.getresponse()
  File "/usr/local/lib/python3.7/http/client.py", line 1321, in getresponse
    response.begin()
  File "/usr/local/lib/python3.7/http/client.py", line 296, in begin
    version, status, reason = self._read_status()
  File "/usr/local/lib/python3.7/http/client.py", line 257, in _read_status
    line = str(self.fp.readline(_MAXLINE + 1), "iso-8859-1")
  File "/usr/local/lib/python3.7/socket.py", line 589, in readinto
    return self._sock.recv_into(b)
ConnectionResetError: [Errno 104] Connection reset by peer

During handling of the above exception, another exception occurred:

Traceback (most recent call last):
  File "/usr/local/lib/python3.7/site-packages/requests/adapters.py", line 499, in send
    timeout=timeout,
  File "/usr/local/lib/python3.7/site-packages/urllib3/connectionpool.py", line 786, in urlopen
    method, url, error=e, _pool=self, _stacktrace=sys.exc_info()[2]
  File "/usr/local/lib/python3.7/site-packages/urllib3/util/retry.py", line 550, in increment
    raise six.reraise(type(error), error, _stacktrace)
  File "/usr/local/lib/python3.7/site-packages/urllib3/packages/six.py", line 769, in reraise
    raise value.with_traceback(tb)
  File "/usr/local/lib/python3.7/site-packages/urllib3/connectionpool.py", line 710, in urlopen
    chunked=chunked,
  File "/usr/local/lib/python3.7/site-packages/urllib3/connectionpool.py", line 449, in _make_request
    six.raise_from(e, None)
  File "<string>", line 3, in raise_from
  File "/usr/local/lib/python3.7/site-packages/urllib3/connectionpool.py", line 444, in _make_request
    httplib_response = conn.getresponse()
  File "/usr/local/lib/python3.7/http/client.py", line 1321, in getresponse
    response.begin()
  File "/usr/local/lib/python3.7/http/client.py", line 296, in begin
    version, status, reason = self._read_status()
  File "/usr/local/lib/python3.7/http/client.py", line 257, in _read_status
    line = str(self.fp.readline(_MAXLINE + 1), "iso-8859-1")
  File "/usr/local/lib/python3.7/socket.py", line 589, in readinto
    return self._sock.recv_into(b)
urllib3.exceptions.ProtocolError: ('Connection aborted.', ConnectionResetError(104, 'Connection reset by peer'))

During handling of the above exception, another exception occurred:

Traceback (most recent call last):
  File "/usr/local/lib/python3.7/multiprocessing/process.py", line 297, in _bootstrap
    self.run()
  File "app.py", line 43, in run
    self._write_work()
  File "app.py", line 54, in _write_work
    self.do_post_request.perform(encode_bytes_as_base64)
  File "/app/models/simple_http_log_client.py", line 11, in perform
    return self._simple_requests_scenario(body_json_content)
  File "/app/models/simple_http_log_client.py", line 16, in _simple_requests_scenario
    return self.session.post(f"{self.api_url}/insert", body_json_content)
  File "/usr/local/lib/python3.7/site-packages/requests/sessions.py", line 635, in post
    return self.request("POST", url, data=data, json=json, **kwargs)
  File "/usr/local/lib/python3.7/site-packages/requests/sessions.py", line 587, in request
    resp = self.send(prep, **send_kwargs)
  File "/usr/local/lib/python3.7/site-packages/requests/sessions.py", line 701, in send
    r = adapter.send(request, **kwargs)
  File "/usr/local/lib/python3.7/site-packages/requests/adapters.py", line 547, in send
    raise ConnectionError(err, request=request)
requests.exceptions.ConnectionError: ('Connection aborted.', ConnectionResetError(104, 'Connection reset by peer'))
  File "/usr/local/lib/python3.7/site-packages/urllib3/connectionpool.py", line 710, in urlopen
    chunked=chunked,
  File "/usr/local/lib/python3.7/site-packages/urllib3/connectionpool.py", line 449, in _make_request
    six.raise_from(e, None)
  File "<string>", line 3, in raise_from
  File "/usr/local/lib/python3.7/site-packages/urllib3/connectionpool.py", line 444, in _make_request
    httplib_response = conn.getresponse()
  File "/usr/local/lib/python3.7/http/client.py", line 1321, in getresponse
    response.begin()
  File "/usr/local/lib/python3.7/http/client.py", line 296, in begin
    version, status, reason = self._read_status()
  File "/usr/local/lib/python3.7/http/client.py", line 257, in _read_status
    line = str(self.fp.readline(_MAXLINE + 1), "iso-8859-1")
  File "/usr/local/lib/python3.7/socket.py", line 589, in readinto
    return self._sock.recv_into(b)
ConnectionResetError: [Errno 104] Connection reset by peer

During handling of the above exception, another exception occurred:

Traceback (most recent call last):
  File "/usr/local/lib/python3.7/site-packages/requests/adapters.py", line 499, in send
    timeout=timeout,
  File "/usr/local/lib/python3.7/site-packages/urllib3/connectionpool.py", line 786, in urlopen
    method, url, error=e, _pool=self, _stacktrace=sys.exc_info()[2]
  File "/usr/local/lib/python3.7/site-packages/urllib3/util/retry.py", line 550, in increment
    raise six.reraise(type(error), error, _stacktrace)
  File "/usr/local/lib/python3.7/site-packages/urllib3/packages/six.py", line 769, in reraise
    raise value.with_traceback(tb)
  File "/usr/local/lib/python3.7/site-packages/urllib3/connectionpool.py", line 710, in urlopen
    chunked=chunked,
  File "/usr/local/lib/python3.7/site-packages/urllib3/connectionpool.py", line 449, in _make_request
    six.raise_from(e, None)
  File "<string>", line 3, in raise_from
  File "/usr/local/lib/python3.7/site-packages/urllib3/connectionpool.py", line 444, in _make_request
    httplib_response = conn.getresponse()
  File "/usr/local/lib/python3.7/http/client.py", line 1321, in getresponse
    response.begin()
  File "/usr/local/lib/python3.7/http/client.py", line 296, in begin
    version, status, reason = self._read_status()
  File "/usr/local/lib/python3.7/http/client.py", line 257, in _read_status
    line = str(self.fp.readline(_MAXLINE + 1), "iso-8859-1")
  File "/usr/local/lib/python3.7/socket.py", line 589, in readinto
    return self._sock.recv_into(b)
urllib3.exceptions.ProtocolError: ('Connection aborted.', ConnectionResetError(104, 'Connection reset by peer'))

During handling of the above exception, another exception occurred:

Traceback (most recent call last):
  File "/usr/local/lib/python3.7/multiprocessing/process.py", line 297, in _bootstrap
    self.run()
  File "app.py", line 43, in run
    self._write_work()
  File "app.py", line 54, in _write_work
    self.do_post_request.perform(encode_bytes_as_base64)
  File "/app/models/simple_http_log_client.py", line 11, in perform
    return self._simple_requests_scenario(body_json_content)
  File "/app/models/simple_http_log_client.py", line 16, in _simple_requests_scenario
    return self.session.post(f"{self.api_url}/insert", body_json_content)
  File "/usr/local/lib/python3.7/site-packages/requests/sessions.py", line 635, in post
    return self.request("POST", url, data=data, json=json, **kwargs)
  File "/usr/local/lib/python3.7/site-packages/requests/sessions.py", line 587, in request
    resp = self.send(prep, **send_kwargs)
  File "/usr/local/lib/python3.7/site-packages/requests/sessions.py", line 701, in send
    r = adapter.send(request, **kwargs)
  File "/usr/local/lib/python3.7/site-packages/requests/adapters.py", line 547, in send
    raise ConnectionError(err, request=request)
requests.exceptions.ConnectionError: ('Connection aborted.', ConnectionResetError(104, 'Connection reset by peer'))
1656101403609281624 172248663
1656101403824140097 13333408
1656101404042777928 17849239
1656101404261880079 13766698
1656101404471152761 6462299
1656101404675975513 4215559
1656101404882410946 3538460
1656101405087884168 5103070
1656101405294123880 3544870
1656101405523485040 9027950
1656101405733165292 5346860
1656101405950098503 6516450
1656101406170108194 19590548
1656101406389842355 13106149
1656101406611897105 14849498
1656101406832165507 15773749
1656101407053398477 15738088
1656101407277571978 9461079
1656101407489460530 7726230
1656101407715078570 22689438
1656101407937418051 8128760
1656101408150261803 11884219
1656101408373183873 19476569
1656101408582923935 6903520
1656101408789095997 5862139
1656101408997135659 5286239
1656101409204098091 6065459
1656101409413070673 3844690
1656101409620907245 4189380
1656101409825229127 3840690
1656101410033597389 3832209
1656101410240956241 3596420
1656101410451065003 5517179
1656101410655024205 3629850
1656101410864871387 6534839
1656101411075107989 9731959
1656101411279100531 3598900
1656101411482865233 3463029
1656101411688823866 5566980
1656101411902221117 5425510
1656101412116194459 6490630
1656101412321006871 4617450
1656101412537976292 11233369
1656101412748641953 6240809
1656101412962931635 11520499
1656101413177646355 8959179
1656101413401910357 6430409
1656101413611188758 6646809
1656101413823736330 11349359
1656101414032792852 8396359
1656101414239909474 4133770
1656101414445018105 4557969
1656101414653518148 4286840
1656101414860697010 3831760
1656101415069093922 4836980
1656101415281115523 3827589
1656101415493419205 5576070
1656101415702994337 8743209
1656101415913095708 9786769
1656101416118817551 5383600
1656101416326300053 4076950
1656101416531825855 5000070
1656101416737000427 4859349
1656101416940867200 3501750
1656101417157121001 15853808
1656101417375611512 12361799
1656101417586225603 9837129
1656101417794269185 4473889
1656101418002591497 4856549
1656101418218162239 12226369
1656101418424844811 6161390
1656101418632650013 7403630
1656101418851373094 10643679
1656101419058464685 3761770
1656101419268920867 4908830
1656101419535540795 58414685
1656101419741985857 5971049
1656101419947514559 5127729
1656101420156576731 3806010
1656101420365653633 5692309
1656101420573094425 3997219
1656101420777803988 4411340
1656101420986013600 4414440
1656101421194664472 3861990
1656101421408622493 4031709
1656101421614967935 4707769
1656101421826226337 6347589
1656101422036211329 6745059
1656101422248128461 7453230
1656101422454408303 6028710
1656101422664419005 9598590
1656101422874018146 9285219
1656101423086969458 4865520
1656101423298801679 4232540
1656101423505949342 5449500
1656101423718102173 11851569
1656101423930969645 8995130
1656101424143155026 11743429
1656101424361514177 4803509
1656101424570733399 3798229
1656101424782386161 5543370
1656101424992344742 6970339
1656101425204143474 8056579
1656101425423028025 7809709
1656101425656648285 29817367
1656101425870466407 6050690
1656101426111085635 33462776
1656101426316460397 4962629
1656101426522893920 5498900
1656101426730828892 7447590
1656101426946488023 11498899
1656101427167251474 16144629
1656101427373945106 5192749
1656101427590144247 13762258
1656101427823913397 27902688
1656101428047847528 18106029
1656101428274228618 7626429
1656101428491912149 9533429
1656101428705025851 8904569
1656101428915091022 7689390
1656101429130897244 11433939
1656101429339374916 8126390
1656101429556101707 12627499
1656101429770261298 5552049
1656101429978394790 5003049
1656101430189791191 4551540
1656101430400129203 5785019
1656101430611302645 3313249
1656101430818407477 3450779
1656101431026977239 4503649
1656101431240614031 4388519
1656101431457007072 14518608
1656101431662224945 3987110
1656101431870003906 3861389
1656101432077223629 3581580
1656101432281745431 3939010
1656101432490307793 6035960
1656101432697695315 3997540
1656101432904946207 4357460
1656101433118698418 6353530
1656101433333397260 8996150
1656101433545606042 6991980
1656101433760148423 10808389
1656101433969465835 7481249
1656101434179590887 9702189
1656101434383874169 3940510
1656101434588152301 3960159
1656101434794489263 3727549
1656101434998335665 3449070
1656101435216896287 3807720
1656101435421106019 3714860
1656101435630583031 5447970
1656101435838975653 4716710
1656101436043222935 3945280
1656101436251070827 4066750
1656101436454589949 3197060
1656101436662074541 7248099
1656101436882100972 10476169
1656101437096074693 10852799
1656101437338835922 15090148
1656101437559370333 17542979
1656101437781800014 7884459
1656101438013131102 22602347
1656101438226481155 12219799
1656101438430999177 4205419
1656101438638837009 3958919
1656101438850258601 8705689
1656101439059814623 4047060
1656101439266109535 4925010
1656101439476571857 5624280
1656101439686816439 8429460
1656101439899267960 5633110
1656101440110069612 9675190
1656101440342835502 9772300
1656101440562829143 11743450
1656101440776085704 10699779
1656101441005960704 24179458
1656101441228985294 11671189
1656101441455530985 21138618
1656101441698793754 18041479
1656101441909411325 8022030
1656101442120126267 6905939
1656101442327766268 4536310
1656101442535991460 4151350
1656101442744939143 4173850
1656101442949788775 4266450
1656101443160611726 6672499
1656101443368107559 6798440
1656101443576832830 4770219
1656101443790299292 6594409
1656101443998337644 5951059
1656101444202914736 4175749
1656101444409697219 6327930
1656101444625847660 10449979
1656101444846371351 9776450
1656101445058815712 11441479
1656101445281450143 16516068
1656101445491352685 9141819
1656101445702387657 5462380
1656101445922088928 13838339
1656101446134238570 9858920
1656101446349043451 10917669
1656101446556129053 6747260
1656101446767109805 7258770
1656101446978206476 9793499
1656101447186490588 7971280
1656101447397244180 10424309
1656101447610945311 4706599
1656101447824579413 5040160
1656101448032726975 5164049
1656101448241034567 5643680
1656101448450345379 5133790
1656101448655098891 3980179
1656101448862754473 7358509
1656101449069470755 4994959
1656101449278635927 5829009
1656101449521275626 9342620
1656101449736236028 11100680
1656101449950572429 8347499
1656101450169452540 8728579
1656101450381865352 11650889
1656101450594448393 11054409
1656101450804131115 6748039
1656101451007858747 3465560
1656101451211998560 3591930
1656101451418460202 6159560
1656101451628508903 5988879
1656101451838970295 4222860
1656101452047543607 3760240
1656101452255062608 3906959
1656101452460869701 5471040
1656101452664846553 3656189
1656101452871126345 5770999
1656101453075357388 3413550
1656101453314157687 31446637
1656101453522730749 5322120
1656101453728129441 4943550
1656101453939401442 5705219
1656101454154709754 5904830
1656101454365098996 5565910
1656101454574564368 8172810
1656101454783151369 6762779
1656101454990447931 3507559
1656101455202482873 6218590
1656101455414938854 7054379
1656101455619885136 4483509
1656101455832695428 8285040
1656101456039623100 6242199
1656101456255817371 9089279
1656101456481218562 21794088
1656101456687234674 3365700
1656101456891767216 4047820
1656101457104280097 6138120
1656101457311246329 5802419
1656101457517238202 5427540
1656101457729305073 8762069
1656101457941070524 10690639
1656101458153467776 5734049
1656101458370144797 9349429
1656101458585541849 6328810
1656101458796811220 5418519
1656101459001685872 4513389
1656101459228089953 25952878
1656101459450829363 18041258
1656101459678822204 26930368
1656101459894892005 10374059
1656101460108718086 13510408
1656101460317734708 8622609
1656101460521881830 3836899
1656101460726538433 4280650
1656101460931936225 5081320
1656101461140155957 3764369
1656101461348429549 4283909
1656101461552760902 3924110
1656101461759757134 6664720
1656101461977208165 10193990
1656101462186513187 8775520
1656101462397666418 7964009
1656101462606678760 4890540
1656101462814582421 4328300
1656101463018946104 3966839
1656101463225230336 3823909
1656101463433284748 3843919
1656101463647642740 3909720
1656101463859103031 5016169
1656101464067387833 5252789
